0 silly argv {
0 silly argv   _: [ 'run' ],
0 silly argv   stream: true,
0 silly argv   lernaVersion: '4.0.0',
0 silly argv   '$0': 'node_modules\\lerna\\cli.js',
0 silly argv   script: 'run:playground'
0 silly argv }
1 notice cli v4.0.0
2 verbose rootPath C:\Users\Vallista\Desktop\projects\vallista-land
3 info versioning independent
4 error JSONError: Unexpected token "}" (0x7D) in JSON at position 874 while parsing near "...tem\": \"^4.4.0\"\n  },\n}" in packages\template\package.json
4 error
4 error [0m [90m 31 |[39m     [32m"gatsby-source-filesystem"[39m[33m:[39m [32m"^4.4.0"[39m[0m
4 error [0m [90m 32 |[39m   }[33m,[39m[0m
4 error [0m[31m[1m>[22m[39m[90m 33 |[39m }[0m
4 error [0m [90m    |[39m [31m[1m^[22m[39m[0m
4 error
4 error     at parseJson (C:\Users\Vallista\Desktop\projects\vallista-land\node_modules\parse-json\index.js:29:21)
4 error     at parse (C:\Users\Vallista\Desktop\projects\vallista-land\node_modules\load-json-file\index.js:15:9)
4 error     at module.exports (C:\Users\Vallista\Desktop\projects\vallista-land\node_modules\load-json-file\index.js:18:47)
